# JRE version: OpenJDK Runtime Environment Temurin-17.0.11+9 (17.0.11+9) (build 17.0.11+9)
# Java VM: OpenJDK 64-Bit Server VM Temurin-17.0.11+9 (17.0.11+9, mixed mode, tiered, compressed oops, compressed class ptrs, parallel gc, windows-amd64)
GC Precious Log:
 CPUs: 12 total, 12 available
 Memory: 16036M
 Large Page Support: Disabled
 NUMA Support: Disabled
 Compressed Oops: Enabled (32-bit)
 Alignments: Space 512K, Generation 512K, Heap 2M
 Heap Min Capacity: 100M
 Heap Initial Capacity: 100M
 Heap Max Capacity: 1G
 Pre-touch: Disabled
 Parallel Workers: 10
Heap:
 PSYoungGen      total 2048K, used 464K [0x00000000eab00000, 0x00000000eae00000, 0x0000000100000000)
  eden space 1536K, 11% used [0x00000000eab00000,0x00000000eab2c0f8,0x00000000eac80000)
  from space 512K, 56% used [0x00000000ead00000,0x00000000ead48000,0x00000000ead80000)
  to   space 512K, 0% used [0x00000000ead80000,0x00000000ead80000,0x00000000eae00000)
 ParOldGen       total 112640K, used 92047K [0x00000000c0000000, 0x00000000c6e00000, 0x00000000eab00000)
  object space 112640K, 81% used [0x00000000c0000000,0x00000000c59e3d90,0x00000000c6e00000)
 Metaspace       used 81182K, committed 82432K, reserved 1179648K
  class space    used 8621K, committed 9216K, reserved 1048576K
GC Heap History (20 events):
Event: 735.053 GC heap before
{Heap before GC invocations=270 (full 9):
 PSYoungGen      total 3584K, used 3578K [0x00000000eab00000, 0x00000000eb280000, 0x0000000100000000)
  eden space 1024K, 100% used [0x00000000eab00000,0x00000000eac00000,0x00000000eac00000)
  from space 2560K, 99% used [0x00000000eaf00000,0x00000000eb17e918,0x00000000eb180000)
  to   space 3072K, 0% used [0x00000000eac00000,0x00000000eac00000,0x00000000eaf00000)
 ParOldGen       total 112640K, used 86760K [0x00000000c0000000, 0x00000000c6e00000, 0x00000000eab00000)
  object space 112640K, 77% used [0x00000000c0000000,0x00000000c54ba1d8,0x00000000c6e00000)
 Metaspace       used 81138K, committed 82368K, reserved 1179648K
  class space    used 8621K, committed 9216K, reserved 1048576K
}
Event: 735.056 GC heap after
{Heap after GC invocations=270 (full 9):
 PSYoungGen      total 3584K, used 2438K [0x00000000eab00000, 0x00000000eb100000, 0x0000000100000000)
  eden space 1024K, 0% used [0x00000000eab00000,0x00000000eab00000,0x00000000eac00000)
  from space 2560K, 95% used [0x00000000eac00000,0x00000000eae61a60,0x00000000eae80000)
  to   space 2560K, 0% used [0x00000000eae80000,0x00000000eae80000,0x00000000eb100000)
 ParOldGen       total 112640K, used 87301K [0x00000000c0000000, 0x00000000c6e00000, 0x00000000eab00000)
  object space 112640K, 77% used [0x00000000c0000000,0x00000000c5541690,0x00000000c6e00000)
 Metaspace       used 81138K, committed 82368K, reserved 1179648K
  class space    used 8621K, committed 9216K, reserved 1048576K
}
Event: 735.069 GC heap before
{Heap before GC invocations=271 (full 9):
 PSYoungGen      total 3584K, used 3462K [0x00000000eab00000, 0x00000000eb100000, 0x0000000100000000)
  eden space 1024K, 100% used [0x00000000eab00000,0x00000000eac00000,0x00000000eac00000)
  from space 2560K, 95% used [0x00000000eac00000,0x00000000eae61a60,0x00000000eae80000)
  to   space 2560K, 0% used [0x00000000eae80000,0x00000000eae80000,0x00000000eb100000)
 ParOldGen       total 112640K, used 87301K [0x00000000c0000000, 0x00000000c6e00000, 0x00000000eab00000)
  object space 112640K, 77% used [0x00000000c0000000,0x00000000c5541690,0x00000000c6e00000)
 Metaspace       used 81138K, committed 82368K, reserved 1179648K
  class space    used 8621K, committed 9216K, reserved 1048576K
}
Event: 735.071 GC heap after
{Heap after GC invocations=271 (full 9):
 PSYoungGen      total 3584K, used 2317K [0x00000000eab00000, 0x00000000eb100000, 0x0000000100000000)
  eden space 1024K, 0% used [0x00000000eab00000,0x00000000eab00000,0x00000000eac00000)
  from space 2560K, 90% used [0x00000000eae80000,0x00000000eb0c3460,0x00000000eb100000)
  to   space 2560K, 0% used [0x00000000eac00000,0x00000000eac00000,0x00000000eae80000)
 ParOldGen       total 112640K, used 87741K [0x00000000c0000000, 0x00000000c6e00000, 0x00000000eab00000)
  object space 112640K, 77% used [0x00000000c0000000,0x00000000c55af788,0x00000000c6e00000)
 Metaspace       used 81138K, committed 82368K, reserved 1179648K
  class space    used 8621K, committed 9216K, reserved 1048576K
}
Event: 735.087 GC heap before
{Heap before GC invocations=272 (full 9):
 PSYoungGen      total 3584K, used 3341K [0x00000000eab00000, 0x00000000eb100000, 0x0000000100000000)
  eden space 1024K, 100% used [0x00000000eab00000,0x00000000eac00000,0x00000000eac00000)
  from space 2560K, 90% used [0x00000000eae80000,0x00000000eb0c3460,0x00000000eb100000)
  to   space 2560K, 0% used [0x00000000eac00000,0x00000000eac00000,0x00000000eae80000)
 ParOldGen       total 112640K, used 87741K [0x00000000c0000000, 0x00000000c6e00000, 0x00000000eab00000)
  object space 112640K, 77% used [0x00000000c0000000,0x00000000c55af788,0x00000000c6e00000)
 Metaspace       used 81154K, committed 82368K, reserved 1179648K
  class space    used 8621K, committed 9216K, reserved 1048576K
}
Event: 735.090 GC heap after
{Heap after GC invocations=272 (full 9):
 PSYoungGen      total 3072K, used 1670K [0x00000000eab00000, 0x00000000eb000000, 0x0000000100000000)
  eden space 1024K, 0% used [0x00000000eab00000,0x00000000eab00000,0x00000000eac00000)
  from space 2048K, 81% used [0x00000000eac00000,0x00000000eada1a40,0x00000000eae00000)
  to   space 2048K, 0% used [0x00000000eae00000,0x00000000eae00000,0x00000000eb000000)
 ParOldGen       total 112640K, used 88697K [0x00000000c0000000, 0x00000000c6e00000, 0x00000000eab00000)
  object space 112640K, 78% used [0x00000000c0000000,0x00000000c569e658,0x00000000c6e00000)
 Metaspace       used 81154K, committed 82368K, reserved 1179648K
  class space    used 8621K, committed 9216K, reserved 1048576K
}
Event: 735.100 GC heap before
{Heap before GC invocations=273 (full 9):
 PSYoungGen      total 3072K, used 2694K [0x00000000eab00000, 0x00000000eb000000, 0x0000000100000000)
  eden space 1024K, 99% used [0x00000000eab00000,0x00000000eabfffd8,0x00000000eac00000)
  from space 2048K, 81% used [0x00000000eac00000,0x00000000eada1a40,0x00000000eae00000)
  to   space 2048K, 0% used [0x00000000eae00000,0x00000000eae00000,0x00000000eb000000)
 ParOldGen       total 112640K, used 88697K [0x00000000c0000000, 0x00000000c6e00000, 0x00000000eab00000)
  object space 112640K, 78% used [0x00000000c0000000,0x00000000c569e658,0x00000000c6e00000)
 Metaspace       used 81158K, committed 82368K, reserved 1179648K
  class space    used 8621K, committed 9216K, reserved 1048576K
}
Event: 735.103 GC heap after
{Heap after GC invocations=273 (full 9):
 PSYoungGen      total 2560K, used 2038K [0x00000000eab00000, 0x00000000eb100000, 0x0000000100000000)
  eden space 512K, 0% used [0x00000000eab00000,0x00000000eab00000,0x00000000eab80000)
  from space 2048K, 99% used [0x00000000eae00000,0x00000000eaffda30,0x00000000eb000000)
  to   space 2560K, 0% used [0x00000000eab80000,0x00000000eab80000,0x00000000eae00000)
 ParOldGen       total 112640K, used 88825K [0x00000000c0000000, 0x00000000c6e00000, 0x00000000eab00000)
  object space 112640K, 78% used [0x00000000c0000000,0x00000000c56be590,0x00000000c6e00000)
 Metaspace       used 81158K, committed 82368K, reserved 1179648K
  class space    used 8621K, committed 9216K, reserved 1048576K
}
Event: 735.106 GC heap before
{Heap before GC invocations=274 (full 9):
 PSYoungGen      total 2560K, used 2550K [0x00000000eab00000, 0x00000000eb100000, 0x0000000100000000)
  eden space 512K, 100% used [0x00000000eab00000,0x00000000eab80000,0x00000000eab80000)
  from space 2048K, 99% used [0x00000000eae00000,0x00000000eaffda30,0x00000000eb000000)
  to   space 2560K, 0% used [0x00000000eab80000,0x00000000eab80000,0x00000000eae00000)
 ParOldGen       total 112640K, used 88825K [0x00000000c0000000, 0x00000000c6e00000, 0x00000000eab00000)
  object space 112640K, 78% used [0x00000000c0000000,0x00000000c56be590,0x00000000c6e00000)
 Metaspace       used 81159K, committed 82368K, reserved 1179648K
  class space    used 8621K, committed 9216K, reserved 1048576K
}
Event: 735.109 GC heap after
{Heap after GC invocations=274 (full 9):
 PSYoungGen      total 3072K, used 1552K [0x00000000eab00000, 0x00000000eb000000, 0x0000000100000000)
  eden space 512K, 0% used [0x00000000eab00000,0x00000000eab00000,0x00000000eab80000)
  from space 2560K, 60% used [0x00000000eab80000,0x00000000ead04010,0x00000000eae00000)
  to   space 2048K, 0% used [0x00000000eae00000,0x00000000eae00000,0x00000000eb000000)
 ParOldGen       total 112640K, used 89485K [0x00000000c0000000, 0x00000000c6e00000, 0x00000000eab00000)
  object space 112640K, 79% used [0x00000000c0000000,0x00000000c5763460,0x00000000c6e00000)
 Metaspace       used 81159K, committed 82368K, reserved 1179648K
  class space    used 8621K, committed 9216K, reserved 1048576K
}
Event: 735.113 GC heap before
{Heap before GC invocations=275 (full 9):
 PSYoungGen      total 3072K, used 2064K [0x00000000eab00000, 0x00000000eb000000, 0x0000000100000000)
  eden space 512K, 99% used [0x00000000eab00000,0x00000000eab7fff8,0x00000000eab80000)
  from space 2560K, 60% used [0x00000000eab80000,0x00000000ead04010,0x00000000eae00000)
  to   space 2048K, 0% used [0x00000000eae00000,0x00000000eae00000,0x00000000eb000000)
 ParOldGen       total 112640K, used 89485K [0x00000000c0000000, 0x00000000c6e00000, 0x00000000eab00000)
  object space 112640K, 79% used [0x00000000c0000000,0x00000000c5763460,0x00000000c6e00000)
 Metaspace       used 81159K, committed 82368K, reserved 1179648K
  class space    used 8621K, committed 9216K, reserved 1048576K
}
Event: 735.115 GC heap after
{Heap after GC invocations=275 (full 9):
 PSYoungGen      total 2560K, used 1149K [0x00000000eab00000, 0x00000000eaf80000, 0x0000000100000000)
  eden space 1024K, 0% used [0x00000000eab00000,0x00000000eab00000,0x00000000eac00000)
  from space 1536K, 74% used [0x00000000eae00000,0x00000000eaf1f430,0x00000000eaf80000)
  to   space 1536K, 0% used [0x00000000eac80000,0x00000000eac80000,0x00000000eae00000)
 ParOldGen       total 112640K, used 90097K [0x00000000c0000000, 0x00000000c6e00000, 0x00000000eab00000)
  object space 112640K, 79% used [0x00000000c0000000,0x00000000c57fc478,0x00000000c6e00000)
 Metaspace       used 81159K, committed 82368K, reserved 1179648K
  class space    used 8621K, committed 9216K, reserved 1048576K
}
Event: 735.133 GC heap before
{Heap before GC invocations=276 (full 9):
 PSYoungGen      total 2560K, used 2173K [0x00000000eab00000, 0x00000000eaf80000, 0x0000000100000000)
  eden space 1024K, 100% used [0x00000000eab00000,0x00000000eac00000,0x00000000eac00000)
  from space 1536K, 74% used [0x00000000eae00000,0x00000000eaf1f430,0x00000000eaf80000)
  to   space 1536K, 0% used [0x00000000eac80000,0x00000000eac80000,0x00000000eae00000)
 ParOldGen       total 112640K, used 90097K [0x00000000c0000000, 0x00000000c6e00000, 0x00000000eab00000)
  object space 112640K, 79% used [0x00000000c0000000,0x00000000c57fc478,0x00000000c6e00000)
 Metaspace       used 81159K, committed 82368K, reserved 1179648K
  class space    used 8621K, committed 9216K, reserved 1048576K
}
Event: 735.136 GC heap after
{Heap after GC invocations=276 (full 9):
 PSYoungGen      total 2560K, used 768K [0x00000000eab00000, 0x00000000eae80000, 0x0000000100000000)
  eden space 1536K, 0% used [0x00000000eab00000,0x00000000eab00000,0x00000000eac80000)
  from space 1024K, 75% used [0x00000000eac80000,0x00000000ead40000,0x00000000ead80000)
  to   space 1024K, 0% used [0x00000000ead80000,0x00000000ead80000,0x00000000eae80000)
 ParOldGen       total 112640K, used 90812K [0x00000000c0000000, 0x00000000c6e00000, 0x00000000eab00000)
  object space 112640K, 80% used [0x00000000c0000000,0x00000000c58af358,0x00000000c6e00000)
 Metaspace       used 81159K, committed 82368K, reserved 1179648K
  class space    used 8621K, committed 9216K, reserved 1048576K
}
Event: 735.156 GC heap before
{Heap before GC invocations=277 (full 9):
 PSYoungGen      total 2560K, used 2304K [0x00000000eab00000, 0x00000000eae80000, 0x0000000100000000)
  eden space 1536K, 100% used [0x00000000eab00000,0x00000000eac80000,0x00000000eac80000)
  from space 1024K, 75% used [0x00000000eac80000,0x00000000ead40000,0x00000000ead80000)
  to   space 1024K, 0% used [0x00000000ead80000,0x00000000ead80000,0x00000000eae80000)
 ParOldGen       total 112640K, used 90812K [0x00000000c0000000, 0x00000000c6e00000, 0x00000000eab00000)
  object space 112640K, 80% used [0x00000000c0000000,0x00000000c58af358,0x00000000c6e00000)
 Metaspace       used 81169K, committed 82368K, reserved 1179648K
  class space    used 8621K, committed 9216K, reserved 1048576K
}
Event: 735.158 GC heap after
{Heap after GC invocations=277 (full 9):
 PSYoungGen      total 2048K, used 1024K [0x00000000eab00000, 0x00000000eaf80000, 0x0000000100000000)
  eden space 1024K, 0% used [0x00000000eab00000,0x00000000eab00000,0x00000000eac00000)
  from space 1024K, 100% used [0x00000000ead80000,0x00000000eae80000,0x00000000eae80000)
  to   space 1536K, 0% used [0x00000000eac00000,0x00000000eac00000,0x00000000ead80000)
 ParOldGen       total 112640K, used 91100K [0x00000000c0000000, 0x00000000c6e00000, 0x00000000eab00000)
  object space 112640K, 80% used [0x00000000c0000000,0x00000000c58f7358,0x00000000c6e00000)
 Metaspace       used 81169K, committed 82368K, reserved 1179648K
  class space    used 8621K, committed 9216K, reserved 1048576K
}
Event: 735.167 GC heap before
{Heap before GC invocations=278 (full 9):
 PSYoungGen      total 2048K, used 2047K [0x00000000eab00000, 0x00000000eaf80000, 0x0000000100000000)
  eden space 1024K, 99% used [0x00000000eab00000,0x00000000eabfffe8,0x00000000eac00000)
  from space 1024K, 100% used [0x00000000ead80000,0x00000000eae80000,0x00000000eae80000)
  to   space 1536K, 0% used [0x00000000eac00000,0x00000000eac00000,0x00000000ead80000)
 ParOldGen       total 112640K, used 91100K [0x00000000c0000000, 0x00000000c6e00000, 0x00000000eab00000)
  object space 112640K, 80% used [0x00000000c0000000,0x00000000c58f7358,0x00000000c6e00000)
 Metaspace       used 81173K, committed 82432K, reserved 1179648K
  class space    used 8621K, committed 9216K, reserved 1048576K
}
Event: 735.169 GC heap after
{Heap after GC invocations=278 (full 9):
 PSYoungGen      total 2560K, used 160K [0x00000000eab00000, 0x00000000eae00000, 0x0000000100000000)
  eden space 1024K, 0% used [0x00000000eab00000,0x00000000eab00000,0x00000000eac00000)
  from space 1536K, 10% used [0x00000000eac00000,0x00000000eac28000,0x00000000ead80000)
  to   space 512K, 0% used [0x00000000ead80000,0x00000000ead80000,0x00000000eae00000)
 ParOldGen       total 112640K, used 91951K [0x00000000c0000000, 0x00000000c6e00000, 0x00000000eab00000)
  object space 112640K, 81% used [0x00000000c0000000,0x00000000c59cbd90,0x00000000c6e00000)
 Metaspace       used 81173K, committed 82432K, reserved 1179648K
  class space    used 8621K, committed 9216K, reserved 1048576K
}
Event: 735.176 GC heap before
{Heap before GC invocations=279 (full 9):
 PSYoungGen      total 2560K, used 1184K [0x00000000eab00000, 0x00000000eae00000, 0x0000000100000000)
  eden space 1024K, 100% used [0x00000000eab00000,0x00000000eac00000,0x00000000eac00000)
  from space 1536K, 10% used [0x00000000eac00000,0x00000000eac28000,0x00000000ead80000)
  to   space 512K, 0% used [0x00000000ead80000,0x00000000ead80000,0x00000000eae00000)
 ParOldGen       total 112640K, used 91951K [0x00000000c0000000, 0x00000000c6e00000, 0x00000000eab00000)
  object space 112640K, 81% used [0x00000000c0000000,0x00000000c59cbd90,0x00000000c6e00000)
 Metaspace       used 81173K, committed 82432K, reserved 1179648K
  class space    used 8621K, committed 9216K, reserved 1048576K
}
Event: 735.178 GC heap after
{Heap after GC invocations=279 (full 9):
 PSYoungGen      total 2048K, used 320K [0x00000000eab00000, 0x00000000eae00000, 0x0000000100000000)
  eden space 1536K, 0% used [0x00000000eab00000,0x00000000eab00000,0x00000000eac80000)
  from space 512K, 62% used [0x00000000ead80000,0x00000000eadd0000,0x00000000eae00000)
  to   space 512K, 0% used [0x00000000ead00000,0x00000000ead00000,0x00000000ead80000)
 ParOldGen       total 112640K, used 92007K [0x00000000c0000000, 0x00000000c6e00000, 0x00000000eab00000)
  object space 112640K, 81% used [0x00000000c0000000,0x00000000c59d9d90,0x00000000c6e00000)
 Metaspace       used 81173K, committed 82432K, reserved 1179648K
  class space    used 8621K, committed 9216K, reserved 1048576K
}

